<?xml version="1.0" encoding="UTF-8"?>
<!-- Generated by org.testng.reporters.JUnitXMLReporter -->
<testsuite ignored="0" hostname="DESKTOP-CNPIKI9" failures="1" tests="1" name="test1" time="0.232" errors="0" timestamp="2022-08-15T21:03:15 IST">
  <testcase classname="testcases.TestCase_1" name="@BeforeTest driverMethod" time="0.114">
    <failure type="java.lang.IllegalStateException" message="The driver executable must exist: C:\Users\DELL\Git-Projects\moviedetailsverification\src\main\resources\chromedriver_win32 (104)\chromedriver.exe">
      <![CDATA[java.lang.IllegalStateException: The driver executable must exist: C:\Users\DELL\Git-Projects\moviedetailsverification\src\main\resources\chromedriver_win32 (104)\chromedriver.exe
at org.openqa.selenium.internal.Require$FileStateChecker.isFile(Require.java:342)
at org.openqa.selenium.remote.service.DriverService.checkExecutable(DriverService.java:147)
at org.openqa.selenium.remote.service.DriverService.findExecutable(DriverService.java:142)
at org.openqa.selenium.chrome.ChromeDriverService.access$000(ChromeDriverService.java:39)
at org.openqa.selenium.chrome.ChromeDriverService$Builder.findDefaultExecutable(ChromeDriverService.java:233)
at org.openqa.selenium.remote.service.DriverService$Builder.build(DriverService.java:437)
at org.openqa.selenium.chrome.ChromeDriverService.createDefaultService(ChromeDriverService.java:128)
at org.openqa.selenium.chrome.ChromeDriver.<init>(ChromeDriver.java:49)
at testcases.TestCase_1.driverMethod(TestCase_1.java:26)
... Removed 24 stack frames]]>
    </failure>
  </testcase> <!-- @BeforeTest driverMethod -->
  <testcase classname="testcases.TestCase_1" name="@AfterTest driverClose" time="0.0">
    <skipped/>
  </testcase> <!-- @AfterTest driverClose -->
  <testcase classname="testcases.TestCase_1" name="imdbAndWikiTest" time="0.0">
    <failure type="java.lang.RuntimeException" message="java.io.FileNotFoundException: C:\Users\DELL\eclipse-workspace\moviedetailsverification\src\main\java\resources\DataSheet.xlsx (The system cannot find the path specified)">
      <![CDATA[java.lang.RuntimeException: java.io.FileNotFoundException: C:\Users\DELL\eclipse-workspace\moviedetailsverification\src\main\java\resources\DataSheet.xlsx (The system cannot find the path specified)
at java.base/java.util.ArrayList.forEach(ArrayList.java:1511)
Caused by: java.io.FileNotFoundException: C:\Users\DELL\eclipse-workspace\moviedetailsverification\src\main\java\resources\DataSheet.xlsx (The system cannot find the path specified)
at java.base/java.io.FileInputStream.open0(Native Method)
at java.base/java.io.FileInputStream.open(FileInputStream.java:216)
at java.base/java.io.FileInputStream.<init>(FileInputStream.java:157)
at java.base/java.io.FileInputStream.<init>(FileInputStream.java:111)
at utils.XLUtility.getRowCount(XLUtility.java:31)
at testcases.TestCase_1.inputMethod(TestCase_1.java:94)
... 25 more
... Removed 32 stack frames]]>
    </failure>
  </testcase> <!-- imdbAndWikiTest -->
</testsuite> <!-- test1 -->
