<?xml version="1.0" encoding="UTF-8"?>
<!-- Generated by org.testng.reporters.JUnitXMLReporter -->
<testsuite ignored="0" hostname="DESKTOP-CNPIKI9" failures="2" tests="10" name="test1" time="168.23" errors="0" timestamp="2022-08-15T13:19:43 IST">
  <testcase classname="testcases.TestCase_1" name="imdbAndWikiTest" time="20.447"/>
  <testcase classname="testcases.TestCase_1" name="imdbAndWikiTest" time="15.309"/>
  <testcase classname="testcases.TestCase_1" name="imdbAndWikiTest" time="13.702"/>
  <testcase classname="testcases.TestCase_1" name="imdbAndWikiTest" time="13.704">
    <failure type="java.lang.AssertionError" message="Country and Release date both are same expected [false] but found [true]">
      <![CDATA[java.lang.AssertionError: Country and Release date both are same expected [false] but found [true]
at testcases.TestCase_1.imdbAndWikiTest(TestCase_1.java:83)
at java.base/java.util.ArrayList.forEach(ArrayList.java:1511)
... Removed 32 stack frames]]>
    </failure>
  </testcase> <!-- imdbAndWikiTest -->
  <testcase classname="testcases.TestCase_1" name="imdbAndWikiTest" time="14.908"/>
  <testcase classname="testcases.TestCase_1" name="imdbAndWikiTest" time="18.078"/>
  <testcase classname="testcases.TestCase_1" name="imdbAndWikiTest" time="14.952"/>
  <testcase classname="testcases.TestCase_1" name="imdbAndWikiTest" time="13.115"/>
  <testcase classname="testcases.TestCase_1" name="imdbAndWikiTest" time="14.594">
    <failure type="java.lang.AssertionError" message="Country and Release date both are same expected [false] but found [true]">
      <![CDATA[java.lang.AssertionError: Country and Release date both are same expected [false] but found [true]
at testcases.TestCase_1.imdbAndWikiTest(TestCase_1.java:83)
at java.base/java.util.ArrayList.forEach(ArrayList.java:1511)
... Removed 32 stack frames]]>
    </failure>
  </testcase> <!-- imdbAndWikiTest -->
  <testcase classname="testcases.TestCase_1" name="imdbAndWikiTest" time="13.391"/>
</testsuite> <!-- test1 -->
