<?xml version="1.0" encoding="UTF-8"?>
<testng-results ignored="0" total="10" passed="9" failed="1" skipped="0">
  <reporter-output>
  </reporter-output>
  <suite started-at="2022-08-16T08:05:31 IST" name="Default suite" finished-at="2022-08-16T08:09:31 IST" duration-ms="240115">
    <groups>
    </groups>
    <test started-at="2022-08-16T08:05:31 IST" name="Default test" finished-at="2022-08-16T08:09:31 IST" duration-ms="240115">
      <class name="testcases.TestCase_1">
        <test-method is-config="true" signature="driverMethod()[pri:0, instance:testcases.TestCase_1@537f60bf]" started-at="2022-08-16T08:05:31 IST" name="driverMethod" finished-at="2022-08-16T08:05:47 IST" duration-ms="16090" status="PASS">
          <reporter-output>
          </reporter-output>
        </test-method> <!-- driverMethod -->
        <test-method signature="imdbAndWikiTest(java.lang.String)[pri:0, instance:testcases.TestCase_1@537f60bf]" started-at="2022-08-16T08:05:50 IST" name="imdbAndWikiTest" data-provider="inputProvider" finished-at="2022-08-16T08:06:17 IST" duration-ms="27140" status="PASS">
          <params>
            <param index="0">
              <value>
                <![CDATA[Pushpa]]>
              </value>
            </param>
          </params>
          <reporter-output>
          </reporter-output>
        </test-method> <!-- imdbAndWikiTest -->
        <test-method signature="imdbAndWikiTest(java.lang.String)[pri:0, instance:testcases.TestCase_1@537f60bf]" started-at="2022-08-16T08:06:17 IST" name="imdbAndWikiTest" data-provider="inputProvider" finished-at="2022-08-16T08:06:41 IST" duration-ms="23775" status="PASS">
          <params>
            <param index="0">
              <value>
                <![CDATA[Kumbalangi Nights]]>
              </value>
            </param>
          </params>
          <reporter-output>
          </reporter-output>
        </test-method> <!-- imdbAndWikiTest -->
        <test-method signature="imdbAndWikiTest(java.lang.String)[pri:0, instance:testcases.TestCase_1@537f60bf]" started-at="2022-08-16T08:06:41 IST" name="imdbAndWikiTest" data-provider="inputProvider" finished-at="2022-08-16T08:06:59 IST" duration-ms="18096" status="PASS">
          <params>
            <param index="0">
              <value>
                <![CDATA[Vikrant Rona]]>
              </value>
            </param>
          </params>
          <reporter-output>
          </reporter-output>
        </test-method> <!-- imdbAndWikiTest -->
        <test-method signature="imdbAndWikiTest(java.lang.String)[pri:0, instance:testcases.TestCase_1@537f60bf]" started-at="2022-08-16T08:06:59 IST" name="imdbAndWikiTest" data-provider="inputProvider" finished-at="2022-08-16T08:07:20 IST" duration-ms="20681" status="PASS">
          <params>
            <param index="0">
              <value>
                <![CDATA[Saamy]]>
              </value>
            </param>
          </params>
          <reporter-output>
          </reporter-output>
        </test-method> <!-- imdbAndWikiTest -->
        <test-method signature="imdbAndWikiTest(java.lang.String)[pri:0, instance:testcases.TestCase_1@537f60bf]" started-at="2022-08-16T08:07:20 IST" name="imdbAndWikiTest" data-provider="inputProvider" finished-at="2022-08-16T08:07:42 IST" duration-ms="22697" status="PASS">
          <params>
            <param index="0">
              <value>
                <![CDATA[Ratsasan]]>
              </value>
            </param>
          </params>
          <reporter-output>
          </reporter-output>
        </test-method> <!-- imdbAndWikiTest -->
        <test-method signature="imdbAndWikiTest(java.lang.String)[pri:0, instance:testcases.TestCase_1@537f60bf]" started-at="2022-08-16T08:07:42 IST" name="imdbAndWikiTest" data-provider="inputProvider" finished-at="2022-08-16T08:08:06 IST" duration-ms="23606" status="PASS">
          <params>
            <param index="0">
              <value>
                <![CDATA[Rangasthalam]]>
              </value>
            </param>
          </params>
          <reporter-output>
          </reporter-output>
        </test-method> <!-- imdbAndWikiTest -->
        <test-method signature="imdbAndWikiTest(java.lang.String)[pri:0, instance:testcases.TestCase_1@537f60bf]" started-at="2022-08-16T08:08:06 IST" name="imdbAndWikiTest" data-provider="inputProvider" finished-at="2022-08-16T08:08:29 IST" duration-ms="22530" status="PASS">
          <params>
            <param index="0">
              <value>
                <![CDATA[Jodhaa Akbar]]>
              </value>
            </param>
          </params>
          <reporter-output>
          </reporter-output>
        </test-method> <!-- imdbAndWikiTest -->
        <test-method signature="imdbAndWikiTest(java.lang.String)[pri:0, instance:testcases.TestCase_1@537f60bf]" started-at="2022-08-16T08:08:29 IST" name="imdbAndWikiTest" data-provider="inputProvider" finished-at="2022-08-16T08:08:49 IST" duration-ms="20632" status="PASS">
          <params>
            <param index="0">
              <value>
                <![CDATA[Sholay]]>
              </value>
            </param>
          </params>
          <reporter-output>
          </reporter-output>
        </test-method> <!-- imdbAndWikiTest -->
        <test-method signature="imdbAndWikiTest(java.lang.String)[pri:0, instance:testcases.TestCase_1@537f60bf]" started-at="2022-08-16T08:08:49 IST" name="imdbAndWikiTest" data-provider="inputProvider" finished-at="2022-08-16T08:09:13 IST" duration-ms="23745" status="FAIL">
          <params>
            <param index="0">
              <value>
                <![CDATA[Salaar]]>
              </value>
            </param>
          </params>
          <exception class="java.lang.AssertionError">
            <message>
              <![CDATA[The following asserts failed:
expected [true] but found [false]]]>
            </message>
            <full-stacktrace>
              <![CDATA[java.lang.AssertionError: The following asserts failed:
expected [true] but found [false]
at org.testng.asserts.SoftAssert.assertAll(SoftAssert.java:46)
at org.testng.asserts.SoftAssert.assertAll(SoftAssert.java:30)
at testcases.TestCase_1.imdbAndWikiTest(TestCase_1.java:82)
at java.base/jdk.internal.reflect.NativeMethodAccessorImpl.invoke0(Native Method)
at java.base/jdk.internal.reflect.NativeMethodAccessorImpl.invoke(NativeMethodAccessorImpl.java:77)
at java.base/jdk.internal.reflect.DelegatingMethodAccessorImpl.invoke(DelegatingMethodAccessorImpl.java:43)
at java.base/java.lang.reflect.Method.invoke(Method.java:568)
at org.testng.internal.invokers.MethodInvocationHelper.invokeMethod(MethodInvocationHelper.java:139)
at org.testng.internal.invokers.TestInvoker.invokeMethod(TestInvoker.java:677)
at org.testng.internal.invokers.TestInvoker.invokeTestMethod(TestInvoker.java:221)
at org.testng.internal.invokers.MethodRunner.runInSequence(MethodRunner.java:50)
at org.testng.internal.invokers.TestInvoker$MethodInvocationAgent.invoke(TestInvoker.java:962)
at org.testng.internal.invokers.TestInvoker.invokeTestMethods(TestInvoker.java:194)
at org.testng.internal.invokers.TestMethodWorker.invokeTestMethods(TestMethodWorker.java:148)
at org.testng.internal.invokers.TestMethodWorker.run(TestMethodWorker.java:128)
at java.base/java.util.ArrayList.forEach(ArrayList.java:1511)
at org.testng.TestRunner.privateRun(TestRunner.java:806)
at org.testng.TestRunner.run(TestRunner.java:601)
at org.testng.SuiteRunner.runTest(SuiteRunner.java:433)
at org.testng.SuiteRunner.runSequentially(SuiteRunner.java:427)
at org.testng.SuiteRunner.privateRun(SuiteRunner.java:387)
at org.testng.SuiteRunner.run(SuiteRunner.java:330)
at org.testng.SuiteRunnerWorker.runSuite(SuiteRunnerWorker.java:52)
at org.testng.SuiteRunnerWorker.run(SuiteRunnerWorker.java:95)
at org.testng.TestNG.runSuitesSequentially(TestNG.java:1256)
at org.testng.TestNG.runSuitesLocally(TestNG.java:1176)
at org.testng.TestNG.runSuites(TestNG.java:1099)
at org.testng.TestNG.run(TestNG.java:1067)
at org.testng.remote.AbstractRemoteTestNG.run(AbstractRemoteTestNG.java:115)
at org.testng.remote.RemoteTestNG.initAndRun(RemoteTestNG.java:251)
at org.testng.remote.RemoteTestNG.main(RemoteTestNG.java:77)
]]>
            </full-stacktrace>
          </exception> <!-- java.lang.AssertionError -->
          <reporter-output>
          </reporter-output>
        </test-method> <!-- imdbAndWikiTest -->
        <test-method signature="imdbAndWikiTest(java.lang.String)[pri:0, instance:testcases.TestCase_1@537f60bf]" started-at="2022-08-16T08:09:13 IST" name="imdbAndWikiTest" data-provider="inputProvider" finished-at="2022-08-16T08:09:30 IST" duration-ms="17025" status="PASS">
          <params>
            <param index="0">
              <value>
                <![CDATA[K.G.F: Chapter 2]]>
              </value>
            </param>
          </params>
          <reporter-output>
          </reporter-output>
        </test-method> <!-- imdbAndWikiTest -->
        <test-method is-config="true" signature="driverClose()[pri:0, instance:testcases.TestCase_1@537f60bf]" started-at="2022-08-16T08:09:30 IST" name="driverClose" finished-at="2022-08-16T08:09:31 IST" duration-ms="1384" status="PASS">
          <reporter-output>
          </reporter-output>
        </test-method> <!-- driverClose -->
      </class> <!-- testcases.TestCase_1 -->
    </test> <!-- Default test -->
  </suite> <!-- Default suite -->
</testng-results>
