<?xml version="1.0" encoding="UTF-8"?>
<testng-results ignored="0" total="10" passed="9" failed="1" skipped="0">
  <reporter-output>
    <line>
      <![CDATA[IMDB website was loaded.]]>
    </line>
    <line>
      <![CDATA[Wikipedia website was loaded.]]>
    </line>
    <line>
      <![CDATA[Maximized the window.]]>
    </line>
    <line>
      <![CDATA[The Country in IMDB and Wikipedia was correctly matched. For the movie: PushpaThe country in the IMDB Website was: IndiaThe country in the Wikipedia Website was: India]]>
    </line>
    <line>
      <![CDATA[The Release Date in the IMDB and the Wikipedia was correctly matched. For the movie: PushpaThe Release Date in the IMDB Website was: 17 December 2021The Release Date in the Wikipedia Website was: 17 December 2021]]>
    </line>
    <line>
      <![CDATA[The Country in IMDB and Wikipedia was correctly matched. For the movie: Kumbalangi NightsThe country in the IMDB Website was: IndiaThe country in the Wikipedia Website was: India]]>
    </line>
    <line>
      <![CDATA[The Release Date in the IMDB and the Wikipedia was correctly matched. For the movie: Kumbalangi NightsThe Release Date in the IMDB Website was: 7 February 2019The Release Date in the Wikipedia Website was: 7 February 2019]]>
    </line>
    <line>
      <![CDATA[The Country in IMDB and Wikipedia was correctly matched. For the movie: Vikrant RonaThe country in the IMDB Website was: IndiaThe country in the Wikipedia Website was: India]]>
    </line>
    <line>
      <![CDATA[The Release Date in the IMDB and the Wikipedia was correctly matched. For the movie: Vikrant RonaThe Release Date in the IMDB Website was: 28 July 2022The Release Date in the Wikipedia Website was: 28 July 2022]]>
    </line>
    <line>
      <![CDATA[The Country in IMDB and Wikipedia was correctly matched. For the movie: SaamyThe country in the IMDB Website was: IndiaThe country in the Wikipedia Website was: India]]>
    </line>
    <line>
      <![CDATA[The Release Date in the IMDB and the Wikipedia was correctly matched. For the movie: SaamyThe Release Date in the IMDB Website was: 1 May 2003The Release Date in the Wikipedia Website was: 1 May 2003]]>
    </line>
    <line>
      <![CDATA[The Country in IMDB and Wikipedia was correctly matched. For the movie: RatsasanThe country in the IMDB Website was: IndiaThe country in the Wikipedia Website was: India]]>
    </line>
    <line>
      <![CDATA[The Release Date in the IMDB and the Wikipedia was correctly matched. For the movie: RatsasanThe Release Date in the IMDB Website was: 5 October 2018The Release Date in the Wikipedia Website was: 5 October 2018]]>
    </line>
    <line>
      <![CDATA[The Country in IMDB and Wikipedia was correctly matched. For the movie: RangasthalamThe country in the IMDB Website was: IndiaThe country in the Wikipedia Website was: India]]>
    </line>
    <line>
      <![CDATA[The Release Date in the IMDB and the Wikipedia was correctly matched. For the movie: RangasthalamThe Release Date in the IMDB Website was: 30 March 2018The Release Date in the Wikipedia Website was: 30 March 2018]]>
    </line>
    <line>
      <![CDATA[The Country in IMDB and Wikipedia was correctly matched. For the movie: Jodhaa AkbarThe country in the IMDB Website was: IndiaThe country in the Wikipedia Website was: India]]>
    </line>
    <line>
      <![CDATA[The Release Date in the IMDB and the Wikipedia was correctly matched. For the movie: Jodhaa AkbarThe Release Date in the IMDB Website was: 15 February 2008The Release Date in the Wikipedia Website was: 15 February 2008]]>
    </line>
    <line>
      <![CDATA[The Country in IMDB and Wikipedia was correctly matched. For the movie: SholayThe country in the IMDB Website was: IndiaThe country in the Wikipedia Website was: India]]>
    </line>
    <line>
      <![CDATA[The Release Date in the IMDB and the Wikipedia was correctly matched. For the movie: SholayThe Release Date in the IMDB Website was: 15 August 1975The Release Date in the Wikipedia Website was: 15 August 1975]]>
    </line>
    <line>
      <![CDATA[The Country in IMDB and Wikipedia was correctly matched. For the movie: SalaarThe country in the IMDB Website was: IndiaThe country in the Wikipedia Website was: India]]>
    </line>
    <line>
      <![CDATA[The Release Date in the IMDB and the Wikipedia was not matched. For the movie: SalaarThe Release Date in the IMDB Website was: 2023The Release Date in the Wikipedia Website was: 28 September 2023]]>
    </line>
    <line>
      <![CDATA[The Country in IMDB and Wikipedia was correctly matched. For the movie: K.G.F: Chapter 2The country in the IMDB Website was: IndiaThe country in the Wikipedia Website was: India]]>
    </line>
    <line>
      <![CDATA[The Release Date in the IMDB and the Wikipedia was correctly matched. For the movie: K.G.F: Chapter 2The Release Date in the IMDB Website was: 14 April 2022The Release Date in the Wikipedia Website was: 14 April 2022]]>
    </line>
    <line>
      <![CDATA[Driver closed.]]>
    </line>
  </reporter-output>
  <suite started-at="2022-08-16T08:25:50 IST" name="Default suite" finished-at="2022-08-16T08:29:37 IST" duration-ms="227228">
    <groups>
    </groups>
    <test started-at="2022-08-16T08:25:50 IST" name="Default test" finished-at="2022-08-16T08:29:37 IST" duration-ms="227228">
      <class name="testcases.TestCase_1">
        <test-method is-config="true" signature="driverMethod()[pri:0, instance:testcases.TestCase_1@537f60bf]" started-at="2022-08-16T08:25:50 IST" name="driverMethod" finished-at="2022-08-16T08:26:07 IST" duration-ms="17438" status="PASS">
          <reporter-output>
            <line>
              <![CDATA[IMDB website was loaded.]]>
            </line>
            <line>
              <![CDATA[Wikipedia website was loaded.]]>
            </line>
            <line>
              <![CDATA[Maximized the window.]]>
            </line>
          </reporter-output>
        </test-method> <!-- driverMethod -->
        <test-method signature="imdbAndWikiTest(java.lang.String)[pri:0, instance:testcases.TestCase_1@537f60bf]" started-at="2022-08-16T08:26:09 IST" name="imdbAndWikiTest" data-provider="inputProvider" finished-at="2022-08-16T08:26:33 IST" duration-ms="23670" status="PASS">
          <params>
            <param index="0">
              <value>
                <![CDATA[Pushpa]]>
              </value>
            </param>
          </params>
          <reporter-output>
            <line>
              <![CDATA[The Country in IMDB and Wikipedia was correctly matched. For the movie: PushpaThe country in the IMDB Website was: IndiaThe country in the Wikipedia Website was: India]]>
            </line>
            <line>
              <![CDATA[The Release Date in the IMDB and the Wikipedia was correctly matched. For the movie: PushpaThe Release Date in the IMDB Website was: 17 December 2021The Release Date in the Wikipedia Website was: 17 December 2021]]>
            </line>
          </reporter-output>
        </test-method> <!-- imdbAndWikiTest -->
        <test-method signature="imdbAndWikiTest(java.lang.String)[pri:0, instance:testcases.TestCase_1@537f60bf]" started-at="2022-08-16T08:26:33 IST" name="imdbAndWikiTest" data-provider="inputProvider" finished-at="2022-08-16T08:26:50 IST" duration-ms="16483" status="PASS">
          <params>
            <param index="0">
              <value>
                <![CDATA[Kumbalangi Nights]]>
              </value>
            </param>
          </params>
          <reporter-output>
            <line>
              <![CDATA[The Country in IMDB and Wikipedia was correctly matched. For the movie: Kumbalangi NightsThe country in the IMDB Website was: IndiaThe country in the Wikipedia Website was: India]]>
            </line>
            <line>
              <![CDATA[The Release Date in the IMDB and the Wikipedia was correctly matched. For the movie: Kumbalangi NightsThe Release Date in the IMDB Website was: 7 February 2019The Release Date in the Wikipedia Website was: 7 February 2019]]>
            </line>
          </reporter-output>
        </test-method> <!-- imdbAndWikiTest -->
        <test-method signature="imdbAndWikiTest(java.lang.String)[pri:0, instance:testcases.TestCase_1@537f60bf]" started-at="2022-08-16T08:26:50 IST" name="imdbAndWikiTest" data-provider="inputProvider" finished-at="2022-08-16T08:27:07 IST" duration-ms="17759" status="PASS">
          <params>
            <param index="0">
              <value>
                <![CDATA[Vikrant Rona]]>
              </value>
            </param>
          </params>
          <reporter-output>
            <line>
              <![CDATA[The Country in IMDB and Wikipedia was correctly matched. For the movie: Vikrant RonaThe country in the IMDB Website was: IndiaThe country in the Wikipedia Website was: India]]>
            </line>
            <line>
              <![CDATA[The Release Date in the IMDB and the Wikipedia was correctly matched. For the movie: Vikrant RonaThe Release Date in the IMDB Website was: 28 July 2022The Release Date in the Wikipedia Website was: 28 July 2022]]>
            </line>
          </reporter-output>
        </test-method> <!-- imdbAndWikiTest -->
        <test-method signature="imdbAndWikiTest(java.lang.String)[pri:0, instance:testcases.TestCase_1@537f60bf]" started-at="2022-08-16T08:27:07 IST" name="imdbAndWikiTest" data-provider="inputProvider" finished-at="2022-08-16T08:27:26 IST" duration-ms="18743" status="PASS">
          <params>
            <param index="0">
              <value>
                <![CDATA[Saamy]]>
              </value>
            </param>
          </params>
          <reporter-output>
            <line>
              <![CDATA[The Country in IMDB and Wikipedia was correctly matched. For the movie: SaamyThe country in the IMDB Website was: IndiaThe country in the Wikipedia Website was: India]]>
            </line>
            <line>
              <![CDATA[The Release Date in the IMDB and the Wikipedia was correctly matched. For the movie: SaamyThe Release Date in the IMDB Website was: 1 May 2003The Release Date in the Wikipedia Website was: 1 May 2003]]>
            </line>
          </reporter-output>
        </test-method> <!-- imdbAndWikiTest -->
        <test-method signature="imdbAndWikiTest(java.lang.String)[pri:0, instance:testcases.TestCase_1@537f60bf]" started-at="2022-08-16T08:27:26 IST" name="imdbAndWikiTest" data-provider="inputProvider" finished-at="2022-08-16T08:27:47 IST" duration-ms="20541" status="PASS">
          <params>
            <param index="0">
              <value>
                <![CDATA[Ratsasan]]>
              </value>
            </param>
          </params>
          <reporter-output>
            <line>
              <![CDATA[The Country in IMDB and Wikipedia was correctly matched. For the movie: RatsasanThe country in the IMDB Website was: IndiaThe country in the Wikipedia Website was: India]]>
            </line>
            <line>
              <![CDATA[The Release Date in the IMDB and the Wikipedia was correctly matched. For the movie: RatsasanThe Release Date in the IMDB Website was: 5 October 2018The Release Date in the Wikipedia Website was: 5 October 2018]]>
            </line>
          </reporter-output>
        </test-method> <!-- imdbAndWikiTest -->
        <test-method signature="imdbAndWikiTest(java.lang.String)[pri:0, instance:testcases.TestCase_1@537f60bf]" started-at="2022-08-16T08:27:47 IST" name="imdbAndWikiTest" data-provider="inputProvider" finished-at="2022-08-16T08:28:20 IST" duration-ms="33655" status="PASS">
          <params>
            <param index="0">
              <value>
                <![CDATA[Rangasthalam]]>
              </value>
            </param>
          </params>
          <reporter-output>
            <line>
              <![CDATA[The Country in IMDB and Wikipedia was correctly matched. For the movie: RangasthalamThe country in the IMDB Website was: IndiaThe country in the Wikipedia Website was: India]]>
            </line>
            <line>
              <![CDATA[The Release Date in the IMDB and the Wikipedia was correctly matched. For the movie: RangasthalamThe Release Date in the IMDB Website was: 30 March 2018The Release Date in the Wikipedia Website was: 30 March 2018]]>
            </line>
          </reporter-output>
        </test-method> <!-- imdbAndWikiTest -->
        <test-method signature="imdbAndWikiTest(java.lang.String)[pri:0, instance:testcases.TestCase_1@537f60bf]" started-at="2022-08-16T08:28:20 IST" name="imdbAndWikiTest" data-provider="inputProvider" finished-at="2022-08-16T08:28:44 IST" duration-ms="23424" status="PASS">
          <params>
            <param index="0">
              <value>
                <![CDATA[Jodhaa Akbar]]>
              </value>
            </param>
          </params>
          <reporter-output>
            <line>
              <![CDATA[The Country in IMDB and Wikipedia was correctly matched. For the movie: Jodhaa AkbarThe country in the IMDB Website was: IndiaThe country in the Wikipedia Website was: India]]>
            </line>
            <line>
              <![CDATA[The Release Date in the IMDB and the Wikipedia was correctly matched. For the movie: Jodhaa AkbarThe Release Date in the IMDB Website was: 15 February 2008The Release Date in the Wikipedia Website was: 15 February 2008]]>
            </line>
          </reporter-output>
        </test-method> <!-- imdbAndWikiTest -->
        <test-method signature="imdbAndWikiTest(java.lang.String)[pri:0, instance:testcases.TestCase_1@537f60bf]" started-at="2022-08-16T08:28:44 IST" name="imdbAndWikiTest" data-provider="inputProvider" finished-at="2022-08-16T08:29:01 IST" duration-ms="17687" status="PASS">
          <params>
            <param index="0">
              <value>
                <![CDATA[Sholay]]>
              </value>
            </param>
          </params>
          <reporter-output>
            <line>
              <![CDATA[The Country in IMDB and Wikipedia was correctly matched. For the movie: SholayThe country in the IMDB Website was: IndiaThe country in the Wikipedia Website was: India]]>
            </line>
            <line>
              <![CDATA[The Release Date in the IMDB and the Wikipedia was correctly matched. For the movie: SholayThe Release Date in the IMDB Website was: 15 August 1975The Release Date in the Wikipedia Website was: 15 August 1975]]>
            </line>
          </reporter-output>
        </test-method> <!-- imdbAndWikiTest -->
        <test-method signature="imdbAndWikiTest(java.lang.String)[pri:0, instance:testcases.TestCase_1@537f60bf]" started-at="2022-08-16T08:29:01 IST" name="imdbAndWikiTest" data-provider="inputProvider" finished-at="2022-08-16T08:29:20 IST" duration-ms="18355" status="FAIL">
          <params>
            <param index="0">
              <value>
                <![CDATA[Salaar]]>
              </value>
            </param>
          </params>
          <exception class="java.lang.AssertionError">
            <message>
              <![CDATA[The following asserts failed:
expected [true] but found [false]]]>
            </message>
            <full-stacktrace>
              <![CDATA[java.lang.AssertionError: The following asserts failed:
expected [true] but found [false]
at org.testng.asserts.SoftAssert.assertAll(SoftAssert.java:46)
at org.testng.asserts.SoftAssert.assertAll(SoftAssert.java:30)
at testcases.TestCase_1.imdbAndWikiTest(TestCase_1.java:89)
at java.base/jdk.internal.reflect.NativeMethodAccessorImpl.invoke0(Native Method)
at java.base/jdk.internal.reflect.NativeMethodAccessorImpl.invoke(NativeMethodAccessorImpl.java:77)
at java.base/jdk.internal.reflect.DelegatingMethodAccessorImpl.invoke(DelegatingMethodAccessorImpl.java:43)
at java.base/java.lang.reflect.Method.invoke(Method.java:568)
at org.testng.internal.invokers.MethodInvocationHelper.invokeMethod(MethodInvocationHelper.java:139)
at org.testng.internal.invokers.TestInvoker.invokeMethod(TestInvoker.java:677)
at org.testng.internal.invokers.TestInvoker.invokeTestMethod(TestInvoker.java:221)
at org.testng.internal.invokers.MethodRunner.runInSequence(MethodRunner.java:50)
at org.testng.internal.invokers.TestInvoker$MethodInvocationAgent.invoke(TestInvoker.java:962)
at org.testng.internal.invokers.TestInvoker.invokeTestMethods(TestInvoker.java:194)
at org.testng.internal.invokers.TestMethodWorker.invokeTestMethods(TestMethodWorker.java:148)
at org.testng.internal.invokers.TestMethodWorker.run(TestMethodWorker.java:128)
at java.base/java.util.ArrayList.forEach(ArrayList.java:1511)
at org.testng.TestRunner.privateRun(TestRunner.java:806)
at org.testng.TestRunner.run(TestRunner.java:601)
at org.testng.SuiteRunner.runTest(SuiteRunner.java:433)
at org.testng.SuiteRunner.runSequentially(SuiteRunner.java:427)
at org.testng.SuiteRunner.privateRun(SuiteRunner.java:387)
at org.testng.SuiteRunner.run(SuiteRunner.java:330)
at org.testng.SuiteRunnerWorker.runSuite(SuiteRunnerWorker.java:52)
at org.testng.SuiteRunnerWorker.run(SuiteRunnerWorker.java:95)
at org.testng.TestNG.runSuitesSequentially(TestNG.java:1256)
at org.testng.TestNG.runSuitesLocally(TestNG.java:1176)
at org.testng.TestNG.runSuites(TestNG.java:1099)
at org.testng.TestNG.run(TestNG.java:1067)
at org.testng.remote.AbstractRemoteTestNG.run(AbstractRemoteTestNG.java:115)
at org.testng.remote.RemoteTestNG.initAndRun(RemoteTestNG.java:251)
at org.testng.remote.RemoteTestNG.main(RemoteTestNG.java:77)
]]>
            </full-stacktrace>
          </exception> <!-- java.lang.AssertionError -->
          <reporter-output>
            <line>
              <![CDATA[The Country in IMDB and Wikipedia was correctly matched. For the movie: SalaarThe country in the IMDB Website was: IndiaThe country in the Wikipedia Website was: India]]>
            </line>
            <line>
              <![CDATA[The Release Date in the IMDB and the Wikipedia was not matched. For the movie: SalaarThe Release Date in the IMDB Website was: 2023The Release Date in the Wikipedia Website was: 28 September 2023]]>
            </line>
          </reporter-output>
        </test-method> <!-- imdbAndWikiTest -->
        <test-method signature="imdbAndWikiTest(java.lang.String)[pri:0, instance:testcases.TestCase_1@537f60bf]" started-at="2022-08-16T08:29:20 IST" name="imdbAndWikiTest" data-provider="inputProvider" finished-at="2022-08-16T08:29:35 IST" duration-ms="15587" status="PASS">
          <params>
            <param index="0">
              <value>
                <![CDATA[K.G.F: Chapter 2]]>
              </value>
            </param>
          </params>
          <reporter-output>
            <line>
              <![CDATA[The Country in IMDB and Wikipedia was correctly matched. For the movie: K.G.F: Chapter 2The country in the IMDB Website was: IndiaThe country in the Wikipedia Website was: India]]>
            </line>
            <line>
              <![CDATA[The Release Date in the IMDB and the Wikipedia was correctly matched. For the movie: K.G.F: Chapter 2The Release Date in the IMDB Website was: 14 April 2022The Release Date in the Wikipedia Website was: 14 April 2022]]>
            </line>
          </reporter-output>
        </test-method> <!-- imdbAndWikiTest -->
        <test-method is-config="true" signature="driverClose()[pri:0, instance:testcases.TestCase_1@537f60bf]" started-at="2022-08-16T08:29:35 IST" name="driverClose" finished-at="2022-08-16T08:29:37 IST" duration-ms="1332" status="PASS">
          <reporter-output>
            <line>
              <![CDATA[Driver closed.]]>
            </line>
          </reporter-output>
        </test-method> <!-- driverClose -->
      </class> <!-- testcases.TestCase_1 -->
    </test> <!-- Default test -->
  </suite> <!-- Default suite -->
</testng-results>
